<?xml version='1.0' encoding='UTF-8'?>
<testsuite hostname="Sarinas-MacBook-Pro.local" name="controllers.HomeControllerSpec" tests="3" errors="0" failures="3" skipped="0" time="0.36" timestamp="2022-05-25T13:00:53">
                     <properties>
      <property name="awt.toolkit" value="sun.lwawt.macosx.LWCToolkit"/><property name="java.specification.version" value="11"/><property name="sun.cpu.isalist" value=""/><property name="sun.jnu.encoding" value="UTF-8"/><property name="sun.arch.data.model" value="64"/><property name="java.vendor.url" value="http://java.oracle.com/"/><property name="sun.boot.library.path" value="/Users/sarina.salamon/Library/Caches/Coursier/arc/https/github.com/AdoptOpenJDK/openjdk11-binaries/releases/download/jdk-11%252B28/OpenJDK11-jdk_x64_mac_hotspot_11_28.tar.gz/jdk-11+28/Contents/Home/lib"/><property name="sun.java.command" value="/opt/homebrew/Cellar/sbt/1.6.2/libexec/bin/sbt-launch.jar test"/><property name="jdk.debug" value="release"/><property name="java.specification.vendor" value="Oracle Corporation"/><property name="java.version.date" value="2018-09-25"/><property name="java.home" value="/Users/sarina.salamon/Library/Caches/Coursier/arc/https/github.com/AdoptOpenJDK/openjdk11-binaries/releases/download/jdk-11%252B28/OpenJDK11-jdk_x64_mac_hotspot_11_28.tar.gz/jdk-11+28/Contents/Home"/><property name="file.separator" value="/"/><property name="java.vm.compressedOopsMode" value="Zero based"/><property name="line.separator" value="
"/><property name="java.specification.name" value="Java Platform API Specification"/><property name="java.vm.specification.vendor" value="Oracle Corporation"/><property name="sun.management.compiler" value="HotSpot 64-Bit Tiered Compilers"/><property name="java.runtime.version" value="11+28"/><property name="user.name" value="sarina.salamon"/><property name="log4j.ignoreTCL" value="true"/><property name="file.encoding" value="UTF-8"/><property name="java.vendor.version" value="AdoptOpenJDK"/><property name="java.io.tmpdir" value="/var/folders/7m/580947vj447bl5gcd2vl5ghh0000gn/T/"/><property name="java.version" value="11"/><property name="java.vm.specification.name" value="Java Virtual Machine Specification"/><property name="java.awt.printerjob" value="sun.lwawt.macosx.CPrinterJob"/><property name="sun.os.patch.level" value="unknown"/><property name="java.library.path" value="/Users/sarina.salamon/Library/Java/Extensions:/Library/Java/Extensions:/Network/Library/Java/Extensions:/System/Library/Java/Extensions:/usr/lib/java:."/><property name="java.vendor" value="Oracle Corporation"/><property name="scala.ext.dirs" value="/Users/sarina.salamon/.sbt/1.0/java9-rt-ext-oracle_corporation_11"/><property name="sun.io.unicode.encoding" value="UnicodeBig"/><property name="socksNonProxyHosts" value="local|*.local|169.254/16|*.169.254/16"/><property name="gopherProxySet" value="false"/><property name="java.class.path" value="/opt/homebrew/Cellar/sbt/1.6.2/libexec/bin/sbt-launch.jar"/><property name="java.vm.vendor" value="Oracle Corporation"/><property name="jline.shutdownhook" value="false"/><property name="user.timezone" value="Europe/London"/><property name="os.name" value="Mac OS X"/><property name="java.vm.specification.version" value="11"/><property name="sun.java.launcher" value="SUN_STANDARD"/><property name="user.country" value="GB"/><property name="http.nonProxyHosts" value="local|*.local|169.254/16|*.169.254/16"/><property name="sun.cpu.endian" value="little"/><property name="user.home" value="/Users/sarina.salamon"/><property name="user.language" value="en"/><property name="sbt.script" value="/opt/homebrew/Cellar/sbt/1.6.2/libexec/bin/sbt"/><property name="swoval.tmpdir" value="/Users/sarina.salamon/.sbt/1.0"/><property name="java.awt.graphicsenv" value="sun.awt.CGraphicsEnvironment"/><property name="jline.esc.timeout" value="0"/><property name="ftp.nonProxyHosts" value="local|*.local|169.254/16|*.169.254/16"/><property name="path.separator" value=":"/><property name="os.version" value="10.16"/><property name="jna.nosys" value="true"/><property name="java.runtime.name" value="OpenJDK Runtime Environment"/><property name="java.vm.name" value="OpenJDK 64-Bit Server VM"/><property name="java.vendor.url.bug" value="http://bugreport.java.com/bugreport/"/><property name="user.dir" value="/Users/sarina.salamon/Documents/play-template"/><property name="os.arch" value="x86_64"/><property name="java.vm.info" value="mixed mode"/><property name="java.vm.version" value="11+28"/><property name="java.class.version" value="55.0"/>
    </properties>
                     <testcase classname="controllers.HomeControllerSpec" name="HomeController GET should render the index page from a new instance of controller" time="0.092">
                                                 <failure message="org.scalatest.exceptions.TestFailedException: &quot;

&lt;!DOCTYPE html&gt;
&lt;html lang=&quot;en&quot;&gt;
    &lt;head&gt;
        
        &lt;title&gt;Play Scala API demo&lt;/title&gt;
        &lt;link rel=&quot;stylesheet&quot; media=&quot;screen&quot; href=&quot;/assets/stylesheets/main.css&quot;&gt;
        &lt;link rel=&quot;shortcut icon&quot; type=&quot;image/png&quot; href=&quot;/assets/images/favicon.png&quot;&gt;

    &lt;/head&gt;
    &lt;body&gt;
        
        

&lt;div class=&quot;container h-100 d-flex justify-content-center&quot;&gt;

  &lt;div class=&quot;jumbotron my-auto&quot;&gt;

    &lt;div class=&quot;container mb-5&quot;&gt;
      &lt;h1 class=&quot;display-3 row&quot;&gt;Play Scala API Demo&lt;/h1&gt;
    &lt;/div&gt;

    &lt;p class=&quot;lead&quot;&gt;
      A demo project based off the &lt;a href=&quot;https://github.com/miranda-hawkes/induction-tutorials/blob/master/Building-A-RESTful-API-With-Scala-Play/README.md&quot;&gt; Building a RESTful API with Scala and Play &lt;/a&gt; tutorial.
    &lt;/p&gt;

    &lt;p class=&quot;lead mb-5&quot;&gt;This project is deployed via Heroku.&lt;/p&gt;

    &lt;h3&gt;API Documentation&lt;/h3&gt;
    &lt;div class=&quot;justify-content-center&quot;&gt;
      &lt;table class=&quot;table&quot;&gt;
        &lt;thead&gt;
        &lt;tr&gt;
          &lt;th scope=&quot;col&quot;&gt;URL&lt;/th&gt;
          &lt;th scope=&quot;col&quot;&gt;HTTP Method&lt;/th&gt;
          &lt;th scope=&quot;col&quot;&gt;Required Header&lt;/th&gt;
          &lt;th scope=&quot;col&quot;&gt;Body&lt;/th&gt;
        &lt;/tr&gt;
        &lt;/thead&gt;
        &lt;tbody&gt;
        &lt;tr&gt;
          &lt;th scope=&quot;row&quot;&gt;/api&lt;/th&gt;
          &lt;td&gt;&lt;code&gt;GET&lt;/code&gt;&lt;/td&gt;
          &lt;td&gt;None&lt;/td&gt;
          &lt;td&gt;N/A&lt;/td&gt;
        &lt;/tr&gt;
        &lt;tr&gt;
          &lt;th scope=&quot;row&quot;&gt;/api&lt;/th&gt;
          &lt;td&gt;&lt;code&gt;POST&lt;/code&gt;&lt;/td&gt;
          &lt;td&gt;Content-Type: application/json&lt;/td&gt;
          &lt;td&gt;&lt;code&gt;
            &quot;_id&quot; : String
            &lt;br&gt;
            &quot;name&quot; : String
            &lt;br&gt;
            &quot;description&quot; : String
            &lt;br&gt;
            &quot;numSales&quot; : Int
          &lt;/code&gt;&lt;/td&gt;
        &lt;/tr&gt;
        &lt;tr&gt;
          &lt;th scope=&quot;row&quot;&gt;/api/:id&lt;/th&gt;
          &lt;td&gt;&lt;code&gt;GET&lt;/code&gt;&lt;/td&gt;
          &lt;td&gt;None&lt;/td&gt;
          &lt;td&gt;N/A&lt;/td&gt;
        &lt;/tr&gt;
        &lt;tr&gt;
          &lt;th scope=&quot;row&quot;&gt;/api/:id&lt;/th&gt;
          &lt;td&gt;&lt;code&gt;PUT&lt;/code&gt;&lt;/td&gt;
          &lt;td&gt;Content-Type: application/json&lt;/td&gt;
          &lt;td&gt;&lt;code&gt;
            &quot;_id&quot; : String
            &lt;br&gt;
            &quot;name&quot; : String
            &lt;br&gt;
            &quot;description&quot; : String
            &lt;br&gt;
            &quot;numSales&quot; : Int
          &lt;/code&gt;&lt;/td&gt;
        &lt;/tr&gt;
        &lt;tr&gt;
          &lt;th scope=&quot;row&quot;&gt;/api/:id&lt;/th&gt;
          &lt;td&gt;&lt;code&gt;DELETE&lt;/code&gt;&lt;/td&gt;
          &lt;td&gt;Content-Type: application/json&lt;/td&gt;
          &lt;td&gt;N/A&lt;/td&gt;
        &lt;/tr&gt;
        &lt;/tbody&gt;
      &lt;/table&gt;
    &lt;/div&gt;
  &lt;/div&gt;

&lt;/div&gt;


      &lt;script src=&quot;/assets/javascripts/main.js&quot; type=&quot;text/javascript&quot;&gt;&lt;/script&gt;
    &lt;/body&gt;
&lt;/html&gt;

&quot; did not include substring &quot;Welcome to Play&quot;" type="sbt.ForkMain$ForkError">sbt.ForkMain$ForkError: org.scalatest.exceptions.TestFailedException: &quot;

&lt;!DOCTYPE html&gt;
&lt;html lang=&quot;en&quot;&gt;
    &lt;head&gt;
        
        &lt;title&gt;Play Scala API demo&lt;/title&gt;
        &lt;link rel=&quot;stylesheet&quot; media=&quot;screen&quot; href=&quot;/assets/stylesheets/main.css&quot;&gt;
        &lt;link rel=&quot;shortcut icon&quot; type=&quot;image/png&quot; href=&quot;/assets/images/favicon.png&quot;&gt;

    &lt;/head&gt;
    &lt;body&gt;
        
        

&lt;div class=&quot;container h-100 d-flex justify-content-center&quot;&gt;

  &lt;div class=&quot;jumbotron my-auto&quot;&gt;

    &lt;div class=&quot;container mb-5&quot;&gt;
      &lt;h1 class=&quot;display-3 row&quot;&gt;Play Scala API Demo&lt;/h1&gt;
    &lt;/div&gt;

    &lt;p class=&quot;lead&quot;&gt;
      A demo project based off the &lt;a href=&quot;https://github.com/miranda-hawkes/induction-tutorials/blob/master/Building-A-RESTful-API-With-Scala-Play/README.md&quot;&gt; Building a RESTful API with Scala and Play &lt;/a&gt; tutorial.
    &lt;/p&gt;

    &lt;p class=&quot;lead mb-5&quot;&gt;This project is deployed via Heroku.&lt;/p&gt;

    &lt;h3&gt;API Documentation&lt;/h3&gt;
    &lt;div class=&quot;justify-content-center&quot;&gt;
      &lt;table class=&quot;table&quot;&gt;
        &lt;thead&gt;
        &lt;tr&gt;
          &lt;th scope=&quot;col&quot;&gt;URL&lt;/th&gt;
          &lt;th scope=&quot;col&quot;&gt;HTTP Method&lt;/th&gt;
          &lt;th scope=&quot;col&quot;&gt;Required Header&lt;/th&gt;
          &lt;th scope=&quot;col&quot;&gt;Body&lt;/th&gt;
        &lt;/tr&gt;
        &lt;/thead&gt;
        &lt;tbody&gt;
        &lt;tr&gt;
          &lt;th scope=&quot;row&quot;&gt;/api&lt;/th&gt;
          &lt;td&gt;&lt;code&gt;GET&lt;/code&gt;&lt;/td&gt;
          &lt;td&gt;None&lt;/td&gt;
          &lt;td&gt;N/A&lt;/td&gt;
        &lt;/tr&gt;
        &lt;tr&gt;
          &lt;th scope=&quot;row&quot;&gt;/api&lt;/th&gt;
          &lt;td&gt;&lt;code&gt;POST&lt;/code&gt;&lt;/td&gt;
          &lt;td&gt;Content-Type: application/json&lt;/td&gt;
          &lt;td&gt;&lt;code&gt;
            &quot;_id&quot; : String
            &lt;br&gt;
            &quot;name&quot; : String
            &lt;br&gt;
            &quot;description&quot; : String
            &lt;br&gt;
            &quot;numSales&quot; : Int
          &lt;/code&gt;&lt;/td&gt;
        &lt;/tr&gt;
        &lt;tr&gt;
          &lt;th scope=&quot;row&quot;&gt;/api/:id&lt;/th&gt;
          &lt;td&gt;&lt;code&gt;GET&lt;/code&gt;&lt;/td&gt;
          &lt;td&gt;None&lt;/td&gt;
          &lt;td&gt;N/A&lt;/td&gt;
        &lt;/tr&gt;
        &lt;tr&gt;
          &lt;th scope=&quot;row&quot;&gt;/api/:id&lt;/th&gt;
          &lt;td&gt;&lt;code&gt;PUT&lt;/code&gt;&lt;/td&gt;
          &lt;td&gt;Content-Type: application/json&lt;/td&gt;
          &lt;td&gt;&lt;code&gt;
            &quot;_id&quot; : String
            &lt;br&gt;
            &quot;name&quot; : String
            &lt;br&gt;
            &quot;description&quot; : String
            &lt;br&gt;
            &quot;numSales&quot; : Int
          &lt;/code&gt;&lt;/td&gt;
        &lt;/tr&gt;
        &lt;tr&gt;
          &lt;th scope=&quot;row&quot;&gt;/api/:id&lt;/th&gt;
          &lt;td&gt;&lt;code&gt;DELETE&lt;/code&gt;&lt;/td&gt;
          &lt;td&gt;Content-Type: application/json&lt;/td&gt;
          &lt;td&gt;N/A&lt;/td&gt;
        &lt;/tr&gt;
        &lt;/tbody&gt;
      &lt;/table&gt;
    &lt;/div&gt;
  &lt;/div&gt;

&lt;/div&gt;


      &lt;script src=&quot;/assets/javascripts/main.js&quot; type=&quot;text/javascript&quot;&gt;&lt;/script&gt;
    &lt;/body&gt;
&lt;/html&gt;

&quot; did not include substring &quot;Welcome to Play&quot;
	at org.scalatest.matchers.MatchersHelper$.indicateFailure(MatchersHelper.scala:402)
	at org.scalatest.matchers.must.Matchers$MustMethodHelperClass.mustMatcher(Matchers.scala:6783)
	at org.scalatest.matchers.must.Matchers$AnyMustWrapper.must(Matchers.scala:6826)
	at controllers.HomeControllerSpec.$anonfun$new$2(HomeControllerSpec.scala:28)
	at org.scalatest.OutcomeOf.outcomeOf(OutcomeOf.scala:85)
	at org.scalatest.OutcomeOf.outcomeOf$(OutcomeOf.scala:83)
	at org.scalatest.OutcomeOf$.outcomeOf(OutcomeOf.scala:104)
	at org.scalatest.Transformer.apply(Transformer.scala:22)
	at org.scalatest.Transformer.apply(Transformer.scala:20)
	at org.scalatest.wordspec.AnyWordSpecLike$$anon$3.apply(AnyWordSpecLike.scala:1077)
	at org.scalatest.TestSuite.withFixture(TestSuite.scala:196)
	at org.scalatest.TestSuite.withFixture$(TestSuite.scala:195)
	at org.scalatest.wordspec.AnyWordSpec.withFixture(AnyWordSpec.scala:1879)
	at org.scalatest.wordspec.AnyWordSpecLike.invokeWithFixture$1(AnyWordSpecLike.scala:1075)
	at org.scalatest.wordspec.AnyWordSpecLike.$anonfun$runTest$1(AnyWordSpecLike.scala:1087)
	at org.scalatest.SuperEngine.runTestImpl(Engine.scala:306)
	at org.scalatest.wordspec.AnyWordSpecLike.runTest(AnyWordSpecLike.scala:1087)
	at org.scalatest.wordspec.AnyWordSpecLike.runTest$(AnyWordSpecLike.scala:1069)
	at org.scalatest.wordspec.AnyWordSpec.runTest(AnyWordSpec.scala:1879)
	at org.scalatest.wordspec.AnyWordSpecLike.$anonfun$runTests$1(AnyWordSpecLike.scala:1146)
	at org.scalatest.SuperEngine.$anonfun$runTestsInBranch$1(Engine.scala:413)
	at scala.collection.immutable.List.foreach(List.scala:333)
	at org.scalatest.SuperEngine.traverseSubNodes$1(Engine.scala:401)
	at org.scalatest.SuperEngine.runTestsInBranch(Engine.scala:390)
	at org.scalatest.SuperEngine.$anonfun$runTestsInBranch$1(Engine.scala:427)
	at scala.collection.immutable.List.foreach(List.scala:333)
	at org.scalatest.SuperEngine.traverseSubNodes$1(Engine.scala:401)
	at org.scalatest.SuperEngine.runTestsInBranch(Engine.scala:396)
	at org.scalatest.SuperEngine.runTestsImpl(Engine.scala:475)
	at org.scalatest.wordspec.AnyWordSpecLike.runTests(AnyWordSpecLike.scala:1146)
	at org.scalatest.wordspec.AnyWordSpecLike.runTests$(AnyWordSpecLike.scala:1145)
	at org.scalatest.wordspec.AnyWordSpec.runTests(AnyWordSpec.scala:1879)
	at org.scalatest.Suite.run(Suite.scala:1112)
	at org.scalatest.Suite.run$(Suite.scala:1094)
	at org.scalatest.wordspec.AnyWordSpec.org$scalatest$wordspec$AnyWordSpecLike$$super$run(AnyWordSpec.scala:1879)
	at org.scalatest.wordspec.AnyWordSpecLike.$anonfun$run$1(AnyWordSpecLike.scala:1191)
	at org.scalatest.SuperEngine.runImpl(Engine.scala:535)
	at org.scalatest.wordspec.AnyWordSpecLike.run(AnyWordSpecLike.scala:1191)
	at org.scalatest.wordspec.AnyWordSpecLike.run$(AnyWordSpecLike.scala:1189)
	at controllers.HomeControllerSpec.org$scalatestplus$play$BaseOneAppPerSuite$$super$run(HomeControllerSpec.scala:16)
	at org.scalatestplus.play.BaseOneAppPerSuite.run(BaseOneAppPerSuite.scala:50)
	at org.scalatestplus.play.BaseOneAppPerSuite.run$(BaseOneAppPerSuite.scala:45)
	at controllers.HomeControllerSpec.run(HomeControllerSpec.scala:16)
	at org.scalatest.tools.Framework.org$scalatest$tools$Framework$$runSuite(Framework.scala:318)
	at org.scalatest.tools.Framework$ScalaTestTask.execute(Framework.scala:513)
	at sbt.ForkMain$Run.lambda$runTest$1(ForkMain.java:304)
	at java.base/java.util.concurrent.FutureTask.run(FutureTask.java:264)
	at java.base/java.util.concurrent.ThreadPoolExecutor.runWorker(ThreadPoolExecutor.java:1128)
	at java.base/java.util.concurrent.ThreadPoolExecutor$Worker.run(ThreadPoolExecutor.java:628)
	at java.base/java.lang.Thread.run(Thread.java:834)
</failure>
                                               </testcase><testcase classname="controllers.HomeControllerSpec" name="HomeController GET should render the index page from the application" time="0.085">
                                                 <failure message="org.scalatest.exceptions.TestFailedException: &quot;

&lt;!DOCTYPE html&gt;
&lt;html lang=&quot;en&quot;&gt;
    &lt;head&gt;
        
        &lt;title&gt;Play Scala API demo&lt;/title&gt;
        &lt;link rel=&quot;stylesheet&quot; media=&quot;screen&quot; href=&quot;/assets/stylesheets/main.css&quot;&gt;
        &lt;link rel=&quot;shortcut icon&quot; type=&quot;image/png&quot; href=&quot;/assets/images/favicon.png&quot;&gt;

    &lt;/head&gt;
    &lt;body&gt;
        
        

&lt;div class=&quot;container h-100 d-flex justify-content-center&quot;&gt;

  &lt;div class=&quot;jumbotron my-auto&quot;&gt;

    &lt;div class=&quot;container mb-5&quot;&gt;
      &lt;h1 class=&quot;display-3 row&quot;&gt;Play Scala API Demo&lt;/h1&gt;
    &lt;/div&gt;

    &lt;p class=&quot;lead&quot;&gt;
      A demo project based off the &lt;a href=&quot;https://github.com/miranda-hawkes/induction-tutorials/blob/master/Building-A-RESTful-API-With-Scala-Play/README.md&quot;&gt; Building a RESTful API with Scala and Play &lt;/a&gt; tutorial.
    &lt;/p&gt;

    &lt;p class=&quot;lead mb-5&quot;&gt;This project is deployed via Heroku.&lt;/p&gt;

    &lt;h3&gt;API Documentation&lt;/h3&gt;
    &lt;div class=&quot;justify-content-center&quot;&gt;
      &lt;table class=&quot;table&quot;&gt;
        &lt;thead&gt;
        &lt;tr&gt;
          &lt;th scope=&quot;col&quot;&gt;URL&lt;/th&gt;
          &lt;th scope=&quot;col&quot;&gt;HTTP Method&lt;/th&gt;
          &lt;th scope=&quot;col&quot;&gt;Required Header&lt;/th&gt;
          &lt;th scope=&quot;col&quot;&gt;Body&lt;/th&gt;
        &lt;/tr&gt;
        &lt;/thead&gt;
        &lt;tbody&gt;
        &lt;tr&gt;
          &lt;th scope=&quot;row&quot;&gt;/api&lt;/th&gt;
          &lt;td&gt;&lt;code&gt;GET&lt;/code&gt;&lt;/td&gt;
          &lt;td&gt;None&lt;/td&gt;
          &lt;td&gt;N/A&lt;/td&gt;
        &lt;/tr&gt;
        &lt;tr&gt;
          &lt;th scope=&quot;row&quot;&gt;/api&lt;/th&gt;
          &lt;td&gt;&lt;code&gt;POST&lt;/code&gt;&lt;/td&gt;
          &lt;td&gt;Content-Type: application/json&lt;/td&gt;
          &lt;td&gt;&lt;code&gt;
            &quot;_id&quot; : String
            &lt;br&gt;
            &quot;name&quot; : String
            &lt;br&gt;
            &quot;description&quot; : String
            &lt;br&gt;
            &quot;numSales&quot; : Int
          &lt;/code&gt;&lt;/td&gt;
        &lt;/tr&gt;
        &lt;tr&gt;
          &lt;th scope=&quot;row&quot;&gt;/api/:id&lt;/th&gt;
          &lt;td&gt;&lt;code&gt;GET&lt;/code&gt;&lt;/td&gt;
          &lt;td&gt;None&lt;/td&gt;
          &lt;td&gt;N/A&lt;/td&gt;
        &lt;/tr&gt;
        &lt;tr&gt;
          &lt;th scope=&quot;row&quot;&gt;/api/:id&lt;/th&gt;
          &lt;td&gt;&lt;code&gt;PUT&lt;/code&gt;&lt;/td&gt;
          &lt;td&gt;Content-Type: application/json&lt;/td&gt;
          &lt;td&gt;&lt;code&gt;
            &quot;_id&quot; : String
            &lt;br&gt;
            &quot;name&quot; : String
            &lt;br&gt;
            &quot;description&quot; : String
            &lt;br&gt;
            &quot;numSales&quot; : Int
          &lt;/code&gt;&lt;/td&gt;
        &lt;/tr&gt;
        &lt;tr&gt;
          &lt;th scope=&quot;row&quot;&gt;/api/:id&lt;/th&gt;
          &lt;td&gt;&lt;code&gt;DELETE&lt;/code&gt;&lt;/td&gt;
          &lt;td&gt;Content-Type: application/json&lt;/td&gt;
          &lt;td&gt;N/A&lt;/td&gt;
        &lt;/tr&gt;
        &lt;/tbody&gt;
      &lt;/table&gt;
    &lt;/div&gt;
  &lt;/div&gt;

&lt;/div&gt;


      &lt;script src=&quot;/assets/javascripts/main.js&quot; type=&quot;text/javascript&quot;&gt;&lt;/script&gt;
    &lt;/body&gt;
&lt;/html&gt;

&quot; did not include substring &quot;Welcome to Play&quot;" type="sbt.ForkMain$ForkError">sbt.ForkMain$ForkError: org.scalatest.exceptions.TestFailedException: &quot;

&lt;!DOCTYPE html&gt;
&lt;html lang=&quot;en&quot;&gt;
    &lt;head&gt;
        
        &lt;title&gt;Play Scala API demo&lt;/title&gt;
        &lt;link rel=&quot;stylesheet&quot; media=&quot;screen&quot; href=&quot;/assets/stylesheets/main.css&quot;&gt;
        &lt;link rel=&quot;shortcut icon&quot; type=&quot;image/png&quot; href=&quot;/assets/images/favicon.png&quot;&gt;

    &lt;/head&gt;
    &lt;body&gt;
        
        

&lt;div class=&quot;container h-100 d-flex justify-content-center&quot;&gt;

  &lt;div class=&quot;jumbotron my-auto&quot;&gt;

    &lt;div class=&quot;container mb-5&quot;&gt;
      &lt;h1 class=&quot;display-3 row&quot;&gt;Play Scala API Demo&lt;/h1&gt;
    &lt;/div&gt;

    &lt;p class=&quot;lead&quot;&gt;
      A demo project based off the &lt;a href=&quot;https://github.com/miranda-hawkes/induction-tutorials/blob/master/Building-A-RESTful-API-With-Scala-Play/README.md&quot;&gt; Building a RESTful API with Scala and Play &lt;/a&gt; tutorial.
    &lt;/p&gt;

    &lt;p class=&quot;lead mb-5&quot;&gt;This project is deployed via Heroku.&lt;/p&gt;

    &lt;h3&gt;API Documentation&lt;/h3&gt;
    &lt;div class=&quot;justify-content-center&quot;&gt;
      &lt;table class=&quot;table&quot;&gt;
        &lt;thead&gt;
        &lt;tr&gt;
          &lt;th scope=&quot;col&quot;&gt;URL&lt;/th&gt;
          &lt;th scope=&quot;col&quot;&gt;HTTP Method&lt;/th&gt;
          &lt;th scope=&quot;col&quot;&gt;Required Header&lt;/th&gt;
          &lt;th scope=&quot;col&quot;&gt;Body&lt;/th&gt;
        &lt;/tr&gt;
        &lt;/thead&gt;
        &lt;tbody&gt;
        &lt;tr&gt;
          &lt;th scope=&quot;row&quot;&gt;/api&lt;/th&gt;
          &lt;td&gt;&lt;code&gt;GET&lt;/code&gt;&lt;/td&gt;
          &lt;td&gt;None&lt;/td&gt;
          &lt;td&gt;N/A&lt;/td&gt;
        &lt;/tr&gt;
        &lt;tr&gt;
          &lt;th scope=&quot;row&quot;&gt;/api&lt;/th&gt;
          &lt;td&gt;&lt;code&gt;POST&lt;/code&gt;&lt;/td&gt;
          &lt;td&gt;Content-Type: application/json&lt;/td&gt;
          &lt;td&gt;&lt;code&gt;
            &quot;_id&quot; : String
            &lt;br&gt;
            &quot;name&quot; : String
            &lt;br&gt;
            &quot;description&quot; : String
            &lt;br&gt;
            &quot;numSales&quot; : Int
          &lt;/code&gt;&lt;/td&gt;
        &lt;/tr&gt;
        &lt;tr&gt;
          &lt;th scope=&quot;row&quot;&gt;/api/:id&lt;/th&gt;
          &lt;td&gt;&lt;code&gt;GET&lt;/code&gt;&lt;/td&gt;
          &lt;td&gt;None&lt;/td&gt;
          &lt;td&gt;N/A&lt;/td&gt;
        &lt;/tr&gt;
        &lt;tr&gt;
          &lt;th scope=&quot;row&quot;&gt;/api/:id&lt;/th&gt;
          &lt;td&gt;&lt;code&gt;PUT&lt;/code&gt;&lt;/td&gt;
          &lt;td&gt;Content-Type: application/json&lt;/td&gt;
          &lt;td&gt;&lt;code&gt;
            &quot;_id&quot; : String
            &lt;br&gt;
            &quot;name&quot; : String
            &lt;br&gt;
            &quot;description&quot; : String
            &lt;br&gt;
            &quot;numSales&quot; : Int
          &lt;/code&gt;&lt;/td&gt;
        &lt;/tr&gt;
        &lt;tr&gt;
          &lt;th scope=&quot;row&quot;&gt;/api/:id&lt;/th&gt;
          &lt;td&gt;&lt;code&gt;DELETE&lt;/code&gt;&lt;/td&gt;
          &lt;td&gt;Content-Type: application/json&lt;/td&gt;
          &lt;td&gt;N/A&lt;/td&gt;
        &lt;/tr&gt;
        &lt;/tbody&gt;
      &lt;/table&gt;
    &lt;/div&gt;
  &lt;/div&gt;

&lt;/div&gt;


      &lt;script src=&quot;/assets/javascripts/main.js&quot; type=&quot;text/javascript&quot;&gt;&lt;/script&gt;
    &lt;/body&gt;
&lt;/html&gt;

&quot; did not include substring &quot;Welcome to Play&quot;
	at org.scalatest.matchers.MatchersHelper$.indicateFailure(MatchersHelper.scala:402)
	at org.scalatest.matchers.must.Matchers$MustMethodHelperClass.mustMatcher(Matchers.scala:6783)
	at org.scalatest.matchers.must.Matchers$AnyMustWrapper.must(Matchers.scala:6826)
	at controllers.HomeControllerSpec.$anonfun$new$3(HomeControllerSpec.scala:37)
	at org.scalatest.OutcomeOf.outcomeOf(OutcomeOf.scala:85)
	at org.scalatest.OutcomeOf.outcomeOf$(OutcomeOf.scala:83)
	at org.scalatest.OutcomeOf$.outcomeOf(OutcomeOf.scala:104)
	at org.scalatest.Transformer.apply(Transformer.scala:22)
	at org.scalatest.Transformer.apply(Transformer.scala:20)
	at org.scalatest.wordspec.AnyWordSpecLike$$anon$3.apply(AnyWordSpecLike.scala:1077)
	at org.scalatest.TestSuite.withFixture(TestSuite.scala:196)
	at org.scalatest.TestSuite.withFixture$(TestSuite.scala:195)
	at org.scalatest.wordspec.AnyWordSpec.withFixture(AnyWordSpec.scala:1879)
	at org.scalatest.wordspec.AnyWordSpecLike.invokeWithFixture$1(AnyWordSpecLike.scala:1075)
	at org.scalatest.wordspec.AnyWordSpecLike.$anonfun$runTest$1(AnyWordSpecLike.scala:1087)
	at org.scalatest.SuperEngine.runTestImpl(Engine.scala:306)
	at org.scalatest.wordspec.AnyWordSpecLike.runTest(AnyWordSpecLike.scala:1087)
	at org.scalatest.wordspec.AnyWordSpecLike.runTest$(AnyWordSpecLike.scala:1069)
	at org.scalatest.wordspec.AnyWordSpec.runTest(AnyWordSpec.scala:1879)
	at org.scalatest.wordspec.AnyWordSpecLike.$anonfun$runTests$1(AnyWordSpecLike.scala:1146)
	at org.scalatest.SuperEngine.$anonfun$runTestsInBranch$1(Engine.scala:413)
	at scala.collection.immutable.List.foreach(List.scala:333)
	at org.scalatest.SuperEngine.traverseSubNodes$1(Engine.scala:401)
	at org.scalatest.SuperEngine.runTestsInBranch(Engine.scala:390)
	at org.scalatest.SuperEngine.$anonfun$runTestsInBranch$1(Engine.scala:427)
	at scala.collection.immutable.List.foreach(List.scala:333)
	at org.scalatest.SuperEngine.traverseSubNodes$1(Engine.scala:401)
	at org.scalatest.SuperEngine.runTestsInBranch(Engine.scala:396)
	at org.scalatest.SuperEngine.runTestsImpl(Engine.scala:475)
	at org.scalatest.wordspec.AnyWordSpecLike.runTests(AnyWordSpecLike.scala:1146)
	at org.scalatest.wordspec.AnyWordSpecLike.runTests$(AnyWordSpecLike.scala:1145)
	at org.scalatest.wordspec.AnyWordSpec.runTests(AnyWordSpec.scala:1879)
	at org.scalatest.Suite.run(Suite.scala:1112)
	at org.scalatest.Suite.run$(Suite.scala:1094)
	at org.scalatest.wordspec.AnyWordSpec.org$scalatest$wordspec$AnyWordSpecLike$$super$run(AnyWordSpec.scala:1879)
	at org.scalatest.wordspec.AnyWordSpecLike.$anonfun$run$1(AnyWordSpecLike.scala:1191)
	at org.scalatest.SuperEngine.runImpl(Engine.scala:535)
	at org.scalatest.wordspec.AnyWordSpecLike.run(AnyWordSpecLike.scala:1191)
	at org.scalatest.wordspec.AnyWordSpecLike.run$(AnyWordSpecLike.scala:1189)
	at controllers.HomeControllerSpec.org$scalatestplus$play$BaseOneAppPerSuite$$super$run(HomeControllerSpec.scala:16)
	at org.scalatestplus.play.BaseOneAppPerSuite.run(BaseOneAppPerSuite.scala:50)
	at org.scalatestplus.play.BaseOneAppPerSuite.run$(BaseOneAppPerSuite.scala:45)
	at controllers.HomeControllerSpec.run(HomeControllerSpec.scala:16)
	at org.scalatest.tools.Framework.org$scalatest$tools$Framework$$runSuite(Framework.scala:318)
	at org.scalatest.tools.Framework$ScalaTestTask.execute(Framework.scala:513)
	at sbt.ForkMain$Run.lambda$runTest$1(ForkMain.java:304)
	at java.base/java.util.concurrent.FutureTask.run(FutureTask.java:264)
	at java.base/java.util.concurrent.ThreadPoolExecutor.runWorker(ThreadPoolExecutor.java:1128)
	at java.base/java.util.concurrent.ThreadPoolExecutor$Worker.run(ThreadPoolExecutor.java:628)
	at java.base/java.lang.Thread.run(Thread.java:834)
</failure>
                                               </testcase><testcase classname="controllers.HomeControllerSpec" name="HomeController GET should render the index page from the router" time="0.183">
                                                 <failure message="org.scalatest.exceptions.TestFailedException: 400 was not equal to 200" type="sbt.ForkMain$ForkError">sbt.ForkMain$ForkError: org.scalatest.exceptions.TestFailedException: 400 was not equal to 200
	at org.scalatest.matchers.MatchersHelper$.indicateFailure(MatchersHelper.scala:402)
	at org.scalatest.matchers.must.Matchers$AnyMustWrapper.mustBe(Matchers.scala:7018)
	at controllers.HomeControllerSpec.$anonfun$new$4(HomeControllerSpec.scala:44)
	at org.scalatest.OutcomeOf.outcomeOf(OutcomeOf.scala:85)
	at org.scalatest.OutcomeOf.outcomeOf$(OutcomeOf.scala:83)
	at org.scalatest.OutcomeOf$.outcomeOf(OutcomeOf.scala:104)
	at org.scalatest.Transformer.apply(Transformer.scala:22)
	at org.scalatest.Transformer.apply(Transformer.scala:20)
	at org.scalatest.wordspec.AnyWordSpecLike$$anon$3.apply(AnyWordSpecLike.scala:1077)
	at org.scalatest.TestSuite.withFixture(TestSuite.scala:196)
	at org.scalatest.TestSuite.withFixture$(TestSuite.scala:195)
	at org.scalatest.wordspec.AnyWordSpec.withFixture(AnyWordSpec.scala:1879)
	at org.scalatest.wordspec.AnyWordSpecLike.invokeWithFixture$1(AnyWordSpecLike.scala:1075)
	at org.scalatest.wordspec.AnyWordSpecLike.$anonfun$runTest$1(AnyWordSpecLike.scala:1087)
	at org.scalatest.SuperEngine.runTestImpl(Engine.scala:306)
	at org.scalatest.wordspec.AnyWordSpecLike.runTest(AnyWordSpecLike.scala:1087)
	at org.scalatest.wordspec.AnyWordSpecLike.runTest$(AnyWordSpecLike.scala:1069)
	at org.scalatest.wordspec.AnyWordSpec.runTest(AnyWordSpec.scala:1879)
	at org.scalatest.wordspec.AnyWordSpecLike.$anonfun$runTests$1(AnyWordSpecLike.scala:1146)
	at org.scalatest.SuperEngine.$anonfun$runTestsInBranch$1(Engine.scala:413)
	at scala.collection.immutable.List.foreach(List.scala:333)
	at org.scalatest.SuperEngine.traverseSubNodes$1(Engine.scala:401)
	at org.scalatest.SuperEngine.runTestsInBranch(Engine.scala:390)
	at org.scalatest.SuperEngine.$anonfun$runTestsInBranch$1(Engine.scala:427)
	at scala.collection.immutable.List.foreach(List.scala:333)
	at org.scalatest.SuperEngine.traverseSubNodes$1(Engine.scala:401)
	at org.scalatest.SuperEngine.runTestsInBranch(Engine.scala:396)
	at org.scalatest.SuperEngine.runTestsImpl(Engine.scala:475)
	at org.scalatest.wordspec.AnyWordSpecLike.runTests(AnyWordSpecLike.scala:1146)
	at org.scalatest.wordspec.AnyWordSpecLike.runTests$(AnyWordSpecLike.scala:1145)
	at org.scalatest.wordspec.AnyWordSpec.runTests(AnyWordSpec.scala:1879)
	at org.scalatest.Suite.run(Suite.scala:1112)
	at org.scalatest.Suite.run$(Suite.scala:1094)
	at org.scalatest.wordspec.AnyWordSpec.org$scalatest$wordspec$AnyWordSpecLike$$super$run(AnyWordSpec.scala:1879)
	at org.scalatest.wordspec.AnyWordSpecLike.$anonfun$run$1(AnyWordSpecLike.scala:1191)
	at org.scalatest.SuperEngine.runImpl(Engine.scala:535)
	at org.scalatest.wordspec.AnyWordSpecLike.run(AnyWordSpecLike.scala:1191)
	at org.scalatest.wordspec.AnyWordSpecLike.run$(AnyWordSpecLike.scala:1189)
	at controllers.HomeControllerSpec.org$scalatestplus$play$BaseOneAppPerSuite$$super$run(HomeControllerSpec.scala:16)
	at org.scalatestplus.play.BaseOneAppPerSuite.run(BaseOneAppPerSuite.scala:50)
	at org.scalatestplus.play.BaseOneAppPerSuite.run$(BaseOneAppPerSuite.scala:45)
	at controllers.HomeControllerSpec.run(HomeControllerSpec.scala:16)
	at org.scalatest.tools.Framework.org$scalatest$tools$Framework$$runSuite(Framework.scala:318)
	at org.scalatest.tools.Framework$ScalaTestTask.execute(Framework.scala:513)
	at sbt.ForkMain$Run.lambda$runTest$1(ForkMain.java:304)
	at java.base/java.util.concurrent.FutureTask.run(FutureTask.java:264)
	at java.base/java.util.concurrent.ThreadPoolExecutor.runWorker(ThreadPoolExecutor.java:1128)
	at java.base/java.util.concurrent.ThreadPoolExecutor$Worker.run(ThreadPoolExecutor.java:628)
	at java.base/java.lang.Thread.run(Thread.java:834)
</failure>
                                               </testcase>
                     <system-out><![CDATA[]]></system-out>
                     <system-err><![CDATA[]]></system-err>
                   </testsuite>